Base path: C:/Program Files (x86)/Unity/Editor/Data
Pipe name: \\.\pipe\UnityShaderCompiler-5-5388
Cmd: getPlatforms
Cmd: compileSnippet
  api=9 type=1 insize=3153 outsize=7 kw= ok=1
Cmd: compileSnippet
  api=9 type=0 insize=1251 outsize=1477 kw= ok=1
Cmd: compileSnippet
  api=9 type=1 insize=5451 outsize=7 kw= ok=1
Cmd: compileSnippet
  api=9 type=0 insize=5463 outsize=2371 kw= ok=1
Cmd: compileSnippet
  api=9 type=1 insize=5468 outsize=7 kw= ok=1
Cmd: compileSnippet
  api=9 type=0 insize=3844 outsize=1542 kw= ok=1
Cmd: compileSnippet
  api=9 type=1 insize=3834 outsize=7 kw= ok=1
Cmd: compileSnippet
  api=9 type=0 insize=4429 outsize=1308 kw=DIRECTIONAL SHADOWS_OFF LIGHTMAP_ON DIRLIGHTMAP_ON ok=1
Cmd: compileSnippet
  api=9 type=0 insize=4429 outsize=4820 kw=DIRECTIONAL SHADOWS_SCREEN LIGHTMAP_OFF DIRLIGHTMAP_OFF VERTEXLIGHT_ON ok=1
Cmd: compileSnippet
  api=5 type=1 insize=4429 outsize=6 kw=DIRECTIONAL SHADOWS_OFF LIGHTMAP_OFF DIRLIGHTMAP_OFF ok=1
Cmd: compileSnippet
  api=5 type=0 insize=2380 outsize=1782 kw=DIRECTIONAL ok=1
Cmd: compileSnippet
  api=9 type=1 insize=2380 outsize=7 kw=DIRECTIONAL ok=1
Cmd: compileSnippet
  api=9 type=1 insize=1835 outsize=7 kw= ok=1
Cmd: compileSnippet
  api=5 type=0 insize=4121 outsize=2183 kw=LIGHTMAP_ON DIRLIGHTMAP_ON HDR_LIGHT_PREPASS_OFF ok=1
Cmd: compileSnippet
  api=5 type=1 insize=4121 outsize=6 kw=LIGHTMAP_ON DIRLIGHTMAP_ON HDR_LIGHT_PREPASS_OFF ok=1
Cmd: compileSnippet
  api=9 type=1 insize=4121 outsize=7 kw=LIGHTMAP_ON DIRLIGHTMAP_ON HDR_LIGHT_PREPASS_ON ok=1
Unhandled exception: Readfile from pipe failed. GLE=Potok zosta³ zakoñczony.


Quitting shader compiler process
