Base path: C:/Program Files (x86)/Unity/Editor/Data
Pipe name: \\.\pipe\UnityShaderCompiler-8-9992
Cmd: getPlatforms
Cmd: compileSnippet
  api=8 type=1 insize=3153 outsize=1812 kw= ok=1
Cmd: compileSnippet
  api=0 type=1 insize=5451 outsize=213 kw= ok=1
Cmd: compileSnippet
  api=0 type=1 insize=5463 outsize=942 kw= ok=1
Cmd: compileSnippet
  api=8 type=0 insize=5464 outsize=2088 kw= ok=1
Cmd: compileSnippet
  api=8 type=1 insize=5464 outsize=2755 kw= ok=1
Cmd: compileSnippet
  api=0 type=0 insize=3836 outsize=328 kw= ok=1
Cmd: compileSnippet
  api=8 type=1 insize=3844 outsize=2543 kw= ok=1
Cmd: compileSnippet
  api=0 type=1 insize=1354 outsize=787 kw= ok=1
Cmd: compileSnippet
  api=0 type=1 insize=624 outsize=127 kw= ok=1
Cmd: compileSnippet
  api=0 type=0 insize=4429 outsize=468 kw=DIRECTIONAL SHADOWS_OFF LIGHTMAP_ON DIRLIGHTMAP_OFF ok=1
Cmd: compileSnippet
  api=0 type=1 insize=4429 outsize=492 kw=DIRECTIONAL SHADOWS_SCREEN LIGHTMAP_OFF DIRLIGHTMAP_OFF ok=1
Cmd: compileSnippet
  api=0 type=1 insize=2380 outsize=462 kw=DIRECTIONAL_COOKIE ok=1
Unhandled exception: Readfile from pipe failed. GLE=Potok zosta³ zakoñczony.


Quitting shader compiler process
