Base path: C:/Program Files (x86)/Unity/Editor/Data
Pipe name: \\.\pipe\UnityShaderCompiler-3-11628
Cmd: getPlatforms
Cmd: compileSnippet
  api=1 type=0 insize=1191 outsize=335 kw= ok=1
Cmd: compileSnippet
  api=1 type=1 insize=3154 outsize=381 kw= ok=1
Cmd: compileSnippet
  api=0 type=1 insize=3153 outsize=439 kw= ok=1
Cmd: compileSnippet
  api=0 type=1 insize=3198 outsize=1916 kw= ok=1
Cmd: compileSnippet
  api=8 type=0 insize=1251 outsize=1958 kw= ok=1
Cmd: compileSnippet
  api=1 type=1 insize=5463 outsize=824 kw= ok=1
Cmd: compileSnippet
  api=0 type=1 insize=5468 outsize=726 kw= ok=1
Cmd: compileSnippet
  api=8 type=1 insize=5470 outsize=2885 kw= ok=1
Cmd: compileSnippet
  api=8 type=1 insize=3836 outsize=1739 kw= ok=1
Cmd: compileSnippet
  api=8 type=1 insize=3844 outsize=1991 kw= ok=1
Cmd: compileSnippet
  api=0 type=0 insize=3844 outsize=328 kw= ok=1
Cmd: compileSnippet
  api=1 type=0 insize=3834 outsize=335 kw= ok=1
Cmd: compileSnippet
  api=8 type=0 insize=624 outsize=1227 kw= ok=1
Cmd: compileSnippet
  api=0 type=0 insize=4429 outsize=1066 kw=DIRECTIONAL SHADOWS_SCREEN LIGHTMAP_OFF DIRLIGHTMAP_OFF ok=1
Cmd: compileSnippet
  api=0 type=0 insize=4429 outsize=572 kw=DIRECTIONAL SHADOWS_SCREEN LIGHTMAP_ON DIRLIGHTMAP_ON ok=1
Cmd: compileSnippet
  api=0 type=1 insize=4429 outsize=505 kw=DIRECTIONAL SHADOWS_SCREEN LIGHTMAP_ON DIRLIGHTMAP_OFF ok=1
Cmd: compileSnippet
  api=0 type=1 insize=2380 outsize=780 kw=SPOT ok=1
Cmd: compileSnippet
  api=0 type=0 insize=4121 outsize=566 kw=LIGHTMAP_ON DIRLIGHTMAP_ON HDR_LIGHT_PREPASS_ON ok=1
Cmd: compileSnippet
  api=0 type=1 insize=4121 outsize=726 kw=LIGHTMAP_ON DIRLIGHTMAP_OFF HDR_LIGHT_PREPASS_OFF ok=1
