Base path: C:/Program Files (x86)/Unity/Editor/Data
Pipe name: \\.\pipe\UnityShaderCompiler-1-3468
Cmd: getPlatforms
Cmd: preprocess
  insize=493 outsize=493 ok=1
Cmd: preprocess
  insize=613 outsize=1195 ok=1
Cmd: compileSnippet
  api=4 type=0 insize=4567 outsize=2753 kw=DIRECTIONAL SHADOWS_OFF LIGHTMAP_OFF DIRLIGHTMAP_OFF ok=1
Cmd: compileSnippet
  api=4 type=1 insize=4567 outsize=1453 kw=DIRECTIONAL SHADOWS_OFF LIGHTMAP_OFF DIRLIGHTMAP_OFF ok=1
Cmd: compileSnippet
  api=4 type=0 insize=2495 outsize=3021 kw=POINT ok=1
Cmd: compileSnippet
  api=4 type=1 insize=2495 outsize=1680 kw=POINT ok=1
Cmd: compileSnippet
  api=4 type=0 insize=1950 outsize=1477 kw= ok=1
Cmd: compileSnippet
  api=4 type=1 insize=1950 outsize=632 kw= ok=1
Cmd: compileSnippet
  api=4 type=0 insize=4259 outsize=3029 kw=LIGHTMAP_OFF DIRLIGHTMAP_OFF HDR_LIGHT_PREPASS_OFF ok=1
Cmd: compileSnippet
  api=4 type=1 insize=4259 outsize=1307 kw=LIGHTMAP_OFF DIRLIGHTMAP_OFF HDR_LIGHT_PREPASS_OFF ok=1
Cmd: preprocess
  insize=452 outsize=452 ok=1
Cmd: preprocess
  insize=510 outsize=1208 ok=1
Cmd: preprocess
  insize=740 outsize=1386 ok=1
Cmd: compileSnippet
  api=4 type=0 insize=4482 outsize=2753 kw=DIRECTIONAL SHADOWS_OFF LIGHTMAP_OFF DIRLIGHTMAP_OFF ok=1
Cmd: compileSnippet
  api=4 type=1 insize=4482 outsize=1380 kw=DIRECTIONAL SHADOWS_OFF LIGHTMAP_OFF DIRLIGHTMAP_OFF ok=1
Cmd: compileSnippet
  api=4 type=0 insize=2433 outsize=3021 kw=POINT ok=1
Cmd: compileSnippet
  api=4 type=1 insize=2433 outsize=1680 kw=POINT ok=1
Cmd: compileSnippet
  api=4 type=0 insize=1888 outsize=1477 kw= ok=1
Cmd: compileSnippet
  api=4 type=1 insize=1888 outsize=632 kw= ok=1
Cmd: compileSnippet
  api=4 type=0 insize=4174 outsize=3029 kw=LIGHTMAP_OFF DIRLIGHTMAP_OFF HDR_LIGHT_PREPASS_OFF ok=1
Cmd: compileSnippet
  api=4 type=1 insize=4174 outsize=1290 kw=LIGHTMAP_OFF DIRLIGHTMAP_OFF HDR_LIGHT_PREPASS_OFF ok=1
Cmd: preprocess
  insize=1588 outsize=401 ok=1
Cmd: compileSnippet
  api=4 type=0 insize=1489 outsize=2737 kw= ok=1
Cmd: compileSnippet
  api=4 type=1 insize=1489 outsize=754 kw= ok=1
Cmd: compileSnippet
  error: 2 plat 4 at (31): 'vert': output parameter 'o' not completely initialized
  error: 1 plat 4 at (40): implicit truncation of vector type
  api=4 type=0 insize=4803 outsize=0 kw=DIRECTIONAL SHADOWS_OFF LIGHTMAP_OFF DIRLIGHTMAP_OFF ok=0
Cmd: compileSnippet
  error: 2 plat 4 at (31): 'vert': output parameter 'o' not completely initialized
  error: 1 plat 4 at (40): implicit truncation of vector type
  api=4 type=0 insize=2744 outsize=0 kw=DIRECTIONAL ok=0
