Base path: C:/Program Files (x86)/Unity/Editor/Data
Pipe name: \\.\pipe\UnityShaderCompiler-7-10996
Cmd: getPlatforms
Cmd: compileSnippet
  api=8 type=0 insize=3153 outsize=1438 kw= ok=1
Cmd: compileSnippet
  api=4 type=0 insize=3198 outsize=990 kw= ok=1
Cmd: compileSnippet
  api=1 type=1 insize=1251 outsize=374 kw= ok=1
Cmd: compileSnippet
  api=1 type=0 insize=5463 outsize=244 kw= ok=1
Cmd: compileSnippet
  api=0 type=0 insize=5464 outsize=463 kw= ok=1
Cmd: compileSnippet
  api=0 type=0 insize=5468 outsize=708 kw= ok=1
Cmd: compileSnippet
  api=4 type=1 insize=5468 outsize=1786 kw= ok=1
Cmd: compileSnippet
  api=0 type=1 insize=5470 outsize=726 kw= ok=1
Cmd: compileSnippet
  api=1 type=1 insize=3836 outsize=204 kw= ok=1
Cmd: compileSnippet
  api=1 type=0 insize=3842 outsize=335 kw= ok=1
Cmd: compileSnippet
  api=0 type=0 insize=3834 outsize=328 kw= ok=1
Cmd: compileSnippet
  api=4 type=1 insize=3834 outsize=973 kw= ok=1
Cmd: compileSnippet
  api=0 type=0 insize=624 outsize=281 kw= ok=1
Cmd: compileSnippet
  api=0 type=0 insize=4429 outsize=1598 kw=DIRECTIONAL SHADOWS_OFF LIGHTMAP_OFF DIRLIGHTMAP_OFF VERTEXLIGHT_ON ok=1
Cmd: compileSnippet
  api=0 type=1 insize=4429 outsize=327 kw=DIRECTIONAL SHADOWS_OFF LIGHTMAP_ON DIRLIGHTMAP_ON ok=1
Cmd: compileSnippet
  api=0 type=0 insize=2380 outsize=886 kw=SPOT ok=1
Cmd: compileSnippet
  api=0 type=0 insize=4121 outsize=566 kw=LIGHTMAP_ON DIRLIGHTMAP_ON HDR_LIGHT_PREPASS_OFF ok=1
Unhandled exception: Readfile from pipe failed. GLE=Potok zosta³ zakoñczony.


Quitting shader compiler process
